# JRE version: OpenJDK Runtime Environment Temurin-21.0.11+10 (21.0.11+10) (build 21.0.11+10-LTS)
# Java VM: OpenJDK 64-Bit Server VM Temurin-21.0.11+10 (21.0.11+10-LTS, mixed mode, sharing, tiered, compressed oops, compressed class ptrs, parallel gc, windows-amd64)
GC Precious Log:
 CardTable entry size: 512
 CPUs: 4 total, 4 available
 Memory: 8025M
 Large Page Support: Disabled
 NUMA Support: Disabled
 Compressed Oops: Enabled (32-bit)
 Alignments: Space 512K, Generation 512K, Heap 2M
 Heap Min Capacity: 100M
 Heap Initial Capacity: 100M
 Heap Max Capacity: 2G
 Pre-touch: Disabled
 Parallel Workers: 4
Heap:
 PSYoungGen      total 3072K, used 1674K [0x00000000d5580000, 0x00000000d5980000, 0x0000000100000000)
  eden space 2560K, 57% used [0x00000000d5580000,0x00000000d56f29a0,0x00000000d5800000)
  from space 512K, 37% used [0x00000000d5880000,0x00000000d58b0020,0x00000000d5900000)
  to   space 512K, 0% used [0x00000000d5900000,0x00000000d5900000,0x00000000d5980000)
 ParOldGen       total 541696K, used 541358K [0x0000000080000000, 0x00000000a1100000, 0x00000000d5580000)
  object space 541696K, 99% used [0x0000000080000000,0x00000000a10ab8e0,0x00000000a1100000)
 Metaspace       used 92875K, committed 94656K, reserved 1179648K
  class space    used 9667K, committed 10432K, reserved 1048576K
GC Heap History (20 events):
Event: 11589.595 GC heap before
{Heap before GC invocations=1290 (full 4):
 PSYoungGen      total 3072K, used 2388K [0x00000000d5580000, 0x00000000d5980000, 0x0000000100000000)
  eden space 2048K, 100% used [0x00000000d5580000,0x00000000d5780000,0x00000000d5780000)
  from space 1024K, 33% used [0x00000000d5780000,0x00000000d57d5200,0x00000000d5880000)
  to   space 1024K, 0% used [0x00000000d5880000,0x00000000d5880000,0x00000000d5980000)
 ParOldGen       total 537088K, used 537068K [0x0000000080000000, 0x00000000a0c80000, 0x00000000d5580000)
  object space 537088K, 99% used [0x0000000080000000,0x00000000a0c7b1c8,0x00000000a0c80000)
 Metaspace       used 92806K, committed 94592K, reserved 1179648K
  class space    used 9666K, committed 10432K, reserved 1048576K
}
Event: 11589.599 GC heap after
{Heap after GC invocations=1290 (full 4):
 PSYoungGen      total 3072K, used 768K [0x00000000d5580000, 0x00000000d5980000, 0x0000000100000000)
  eden space 2048K, 0% used [0x00000000d5580000,0x00000000d5580000,0x00000000d5780000)
  from space 1024K, 75% used [0x00000000d5880000,0x00000000d5940000,0x00000000d5980000)
  to   space 1024K, 0% used [0x00000000d5780000,0x00000000d5780000,0x00000000d5880000)
 ParOldGen       total 537600K, used 537364K [0x0000000080000000, 0x00000000a0d00000, 0x00000000d5580000)
  object space 537600K, 99% used [0x0000000080000000,0x00000000a0cc53d8,0x00000000a0d00000)
 Metaspace       used 92806K, committed 94592K, reserved 1179648K
  class space    used 9666K, committed 10432K, reserved 1048576K
}
Event: 11589.619 GC heap before
{Heap before GC invocations=1291 (full 4):
 PSYoungGen      total 3072K, used 2816K [0x00000000d5580000, 0x00000000d5980000, 0x0000000100000000)
  eden space 2048K, 100% used [0x00000000d5580000,0x00000000d5780000,0x00000000d5780000)
  from space 1024K, 75% used [0x00000000d5880000,0x00000000d5940000,0x00000000d5980000)
  to   space 1024K, 0% used [0x00000000d5780000,0x00000000d5780000,0x00000000d5880000)
 ParOldGen       total 537600K, used 537364K [0x0000000080000000, 0x00000000a0d00000, 0x00000000d5580000)
  object space 537600K, 99% used [0x0000000080000000,0x00000000a0cc53d8,0x00000000a0d00000)
 Metaspace       used 92806K, committed 94592K, reserved 1179648K
  class space    used 9666K, committed 10432K, reserved 1048576K
}
Event: 11589.625 GC heap after
{Heap after GC invocations=1291 (full 4):
 PSYoungGen      total 3072K, used 640K [0x00000000d5580000, 0x00000000d5980000, 0x0000000100000000)
  eden space 2048K, 0% used [0x00000000d5580000,0x00000000d5580000,0x00000000d5780000)
  from space 1024K, 62% used [0x00000000d5780000,0x00000000d5820000,0x00000000d5880000)
  to   space 1024K, 0% used [0x00000000d5880000,0x00000000d5880000,0x00000000d5980000)
 ParOldGen       total 538112K, used 538060K [0x0000000080000000, 0x00000000a0d80000, 0x00000000d5580000)
  object space 538112K, 99% used [0x0000000080000000,0x00000000a0d733f8,0x00000000a0d80000)
 Metaspace       used 92806K, committed 94592K, reserved 1179648K
  class space    used 9666K, committed 10432K, reserved 1048576K
}
Event: 11589.644 GC heap before
{Heap before GC invocations=1292 (full 4):
 PSYoungGen      total 3072K, used 2688K [0x00000000d5580000, 0x00000000d5980000, 0x0000000100000000)
  eden space 2048K, 100% used [0x00000000d5580000,0x00000000d5780000,0x00000000d5780000)
  from space 1024K, 62% used [0x00000000d5780000,0x00000000d5820000,0x00000000d5880000)
  to   space 1024K, 0% used [0x00000000d5880000,0x00000000d5880000,0x00000000d5980000)
 ParOldGen       total 538112K, used 538060K [0x0000000080000000, 0x00000000a0d80000, 0x00000000d5580000)
  object space 538112K, 99% used [0x0000000080000000,0x00000000a0d733f8,0x00000000a0d80000)
 Metaspace       used 92818K, committed 94592K, reserved 1179648K
  class space    used 9666K, committed 10432K, reserved 1048576K
}
Event: 11589.648 GC heap after
{Heap after GC invocations=1292 (full 4):
 PSYoungGen      total 3072K, used 752K [0x00000000d5580000, 0x00000000d5980000, 0x0000000100000000)
  eden space 2048K, 0% used [0x00000000d5580000,0x00000000d5580000,0x00000000d5780000)
  from space 1024K, 73% used [0x00000000d5880000,0x00000000d593c010,0x00000000d5980000)
  to   space 1024K, 0% used [0x00000000d5780000,0x00000000d5780000,0x00000000d5880000)
 ParOldGen       total 539136K, used 538660K [0x0000000080000000, 0x00000000a0e80000, 0x00000000d5580000)
  object space 539136K, 99% used [0x0000000080000000,0x00000000a0e093f8,0x00000000a0e80000)
 Metaspace       used 92818K, committed 94592K, reserved 1179648K
  class space    used 9666K, committed 10432K, reserved 1048576K
}
Event: 11589.659 GC heap before
{Heap before GC invocations=1293 (full 4):
 PSYoungGen      total 3072K, used 2800K [0x00000000d5580000, 0x00000000d5980000, 0x0000000100000000)
  eden space 2048K, 100% used [0x00000000d5580000,0x00000000d5780000,0x00000000d5780000)
  from space 1024K, 73% used [0x00000000d5880000,0x00000000d593c010,0x00000000d5980000)
  to   space 1024K, 0% used [0x00000000d5780000,0x00000000d5780000,0x00000000d5880000)
 ParOldGen       total 539136K, used 538660K [0x0000000080000000, 0x00000000a0e80000, 0x00000000d5580000)
  object space 539136K, 99% used [0x0000000080000000,0x00000000a0e093f8,0x00000000a0e80000)
 Metaspace       used 92833K, committed 94656K, reserved 1179648K
  class space    used 9666K, committed 10432K, reserved 1048576K
}
Event: 11589.663 GC heap after
{Heap after GC invocations=1293 (full 4):
 PSYoungGen      total 3072K, used 532K [0x00000000d5580000, 0x00000000d5980000, 0x0000000100000000)
  eden space 2048K, 0% used [0x00000000d5580000,0x00000000d5580000,0x00000000d5780000)
  from space 1024K, 52% used [0x00000000d5780000,0x00000000d5805200,0x00000000d5880000)
  to   space 1024K, 0% used [0x00000000d5880000,0x00000000d5880000,0x00000000d5980000)
 ParOldGen       total 539648K, used 539241K [0x0000000080000000, 0x00000000a0f00000, 0x00000000d5580000)
  object space 539648K, 99% used [0x0000000080000000,0x00000000a0e9a6b0,0x00000000a0f00000)
 Metaspace       used 92833K, committed 94656K, reserved 1179648K
  class space    used 9666K, committed 10432K, reserved 1048576K
}
Event: 11589.675 GC heap before
{Heap before GC invocations=1294 (full 4):
 PSYoungGen      total 3072K, used 2580K [0x00000000d5580000, 0x00000000d5980000, 0x0000000100000000)
  eden space 2048K, 100% used [0x00000000d5580000,0x00000000d5780000,0x00000000d5780000)
  from space 1024K, 52% used [0x00000000d5780000,0x00000000d5805200,0x00000000d5880000)
  to   space 1024K, 0% used [0x00000000d5880000,0x00000000d5880000,0x00000000d5980000)
 ParOldGen       total 539648K, used 539241K [0x0000000080000000, 0x00000000a0f00000, 0x00000000d5580000)
  object space 539648K, 99% used [0x0000000080000000,0x00000000a0e9a6b0,0x00000000a0f00000)
 Metaspace       used 92833K, committed 94656K, reserved 1179648K
  class space    used 9666K, committed 10432K, reserved 1048576K
}
Event: 11589.679 GC heap after
{Heap after GC invocations=1294 (full 4):
 PSYoungGen      total 3072K, used 672K [0x00000000d5580000, 0x00000000d5980000, 0x0000000100000000)
  eden space 2048K, 0% used [0x00000000d5580000,0x00000000d5580000,0x00000000d5780000)
  from space 1024K, 65% used [0x00000000d5880000,0x00000000d5928000,0x00000000d5980000)
  to   space 1024K, 0% used [0x00000000d5780000,0x00000000d5780000,0x00000000d5880000)
 ParOldGen       total 540160K, used 539734K [0x0000000080000000, 0x00000000a0f80000, 0x00000000d5580000)
  object space 540160K, 99% used [0x0000000080000000,0x00000000a0f158c0,0x00000000a0f80000)
 Metaspace       used 92833K, committed 94656K, reserved 1179648K
  class space    used 9666K, committed 10432K, reserved 1048576K
}
Event: 11589.688 GC heap before
{Heap before GC invocations=1295 (full 4):
 PSYoungGen      total 3072K, used 2720K [0x00000000d5580000, 0x00000000d5980000, 0x0000000100000000)
  eden space 2048K, 100% used [0x00000000d5580000,0x00000000d5780000,0x00000000d5780000)
  from space 1024K, 65% used [0x00000000d5880000,0x00000000d5928000,0x00000000d5980000)
  to   space 1024K, 0% used [0x00000000d5780000,0x00000000d5780000,0x00000000d5880000)
 ParOldGen       total 540160K, used 539734K [0x0000000080000000, 0x00000000a0f80000, 0x00000000d5580000)
  object space 540160K, 99% used [0x0000000080000000,0x00000000a0f158c0,0x00000000a0f80000)
 Metaspace       used 92833K, committed 94656K, reserved 1179648K
  class space    used 9666K, committed 10432K, reserved 1048576K
}
Event: 11589.693 GC heap after
{Heap after GC invocations=1295 (full 4):
 PSYoungGen      total 3072K, used 640K [0x00000000d5580000, 0x00000000d5a00000, 0x0000000100000000)
  eden space 2048K, 0% used [0x00000000d5580000,0x00000000d5580000,0x00000000d5780000)
  from space 1024K, 62% used [0x00000000d5780000,0x00000000d5820000,0x00000000d5880000)
  to   space 1024K, 0% used [0x00000000d5900000,0x00000000d5900000,0x00000000d5a00000)
 ParOldGen       total 540672K, used 540334K [0x0000000080000000, 0x00000000a1000000, 0x00000000d5580000)
  object space 540672K, 99% used [0x0000000080000000,0x00000000a0fab8c0,0x00000000a1000000)
 Metaspace       used 92833K, committed 94656K, reserved 1179648K
  class space    used 9666K, committed 10432K, reserved 1048576K
}
Event: 11589.714 GC heap before
{Heap before GC invocations=1296 (full 4):
 PSYoungGen      total 3072K, used 2688K [0x00000000d5580000, 0x00000000d5a00000, 0x0000000100000000)
  eden space 2048K, 100% used [0x00000000d5580000,0x00000000d5780000,0x00000000d5780000)
  from space 1024K, 62% used [0x00000000d5780000,0x00000000d5820000,0x00000000d5880000)
  to   space 1024K, 0% used [0x00000000d5900000,0x00000000d5900000,0x00000000d5a00000)
 ParOldGen       total 540672K, used 540334K [0x0000000080000000, 0x00000000a1000000, 0x00000000d5580000)
  object space 540672K, 99% used [0x0000000080000000,0x00000000a0fab8c0,0x00000000a1000000)
 Metaspace       used 92833K, committed 94656K, reserved 1179648K
  class space    used 9666K, committed 10432K, reserved 1048576K
}
Event: 11589.718 GC heap after
{Heap after GC invocations=1296 (full 4):
 PSYoungGen      total 3072K, used 416K [0x00000000d5580000, 0x00000000d5980000, 0x0000000100000000)
  eden space 2560K, 0% used [0x00000000d5580000,0x00000000d5580000,0x00000000d5800000)
  from space 512K, 81% used [0x00000000d5900000,0x00000000d5968000,0x00000000d5980000)
  to   space 512K, 0% used [0x00000000d5880000,0x00000000d5880000,0x00000000d5900000)
 ParOldGen       total 541184K, used 540934K [0x0000000080000000, 0x00000000a1080000, 0x00000000d5580000)
  object space 541184K, 99% used [0x0000000080000000,0x00000000a10418e0,0x00000000a1080000)
 Metaspace       used 92833K, committed 94656K, reserved 1179648K
  class space    used 9666K, committed 10432K, reserved 1048576K
}
Event: 11589.735 GC heap before
{Heap before GC invocations=1297 (full 4):
 PSYoungGen      total 3072K, used 2959K [0x00000000d5580000, 0x00000000d5980000, 0x0000000100000000)
  eden space 2560K, 99% used [0x00000000d5580000,0x00000000d57fbdc0,0x00000000d5800000)
  from space 512K, 81% used [0x00000000d5900000,0x00000000d5968000,0x00000000d5980000)
  to   space 512K, 0% used [0x00000000d5880000,0x00000000d5880000,0x00000000d5900000)
 ParOldGen       total 541184K, used 540934K [0x0000000080000000, 0x00000000a1080000, 0x00000000d5580000)
  object space 541184K, 99% used [0x0000000080000000,0x00000000a10418e0,0x00000000a1080000)
 Metaspace       used 92834K, committed 94656K, reserved 1179648K
  class space    used 9666K, committed 10432K, reserved 1048576K
}
Event: 11589.737 GC heap after
{Heap after GC invocations=1297 (full 4):
 PSYoungGen      total 3072K, used 64K [0x00000000d5580000, 0x00000000d5980000, 0x0000000100000000)
  eden space 2560K, 0% used [0x00000000d5580000,0x00000000d5580000,0x00000000d5800000)
  from space 512K, 12% used [0x00000000d5880000,0x00000000d5890000,0x00000000d5900000)
  to   space 512K, 0% used [0x00000000d5900000,0x00000000d5900000,0x00000000d5980000)
 ParOldGen       total 541696K, used 541318K [0x0000000080000000, 0x00000000a1100000, 0x00000000d5580000)
  object space 541696K, 99% used [0x0000000080000000,0x00000000a10a18e0,0x00000000a1100000)
 Metaspace       used 92834K, committed 94656K, reserved 1179648K
  class space    used 9666K, committed 10432K, reserved 1048576K
}
Event: 11683.709 GC heap before
{Heap before GC invocations=1298 (full 4):
 PSYoungGen      total 3072K, used 2624K [0x00000000d5580000, 0x00000000d5980000, 0x0000000100000000)
  eden space 2560K, 100% used [0x00000000d5580000,0x00000000d5800000,0x00000000d5800000)
  from space 512K, 12% used [0x00000000d5880000,0x00000000d5890000,0x00000000d5900000)
  to   space 512K, 0% used [0x00000000d5900000,0x00000000d5900000,0x00000000d5980000)
 ParOldGen       total 541696K, used 541318K [0x0000000080000000, 0x00000000a1100000, 0x00000000d5580000)
  object space 541696K, 99% used [0x0000000080000000,0x00000000a10a18e0,0x00000000a1100000)
 Metaspace       used 92838K, committed 94656K, reserved 1179648K
  class space    used 9666K, committed 10432K, reserved 1048576K
}
Event: 11683.712 GC heap after
{Heap after GC invocations=1298 (full 4):
 PSYoungGen      total 3072K, used 96K [0x00000000d5580000, 0x00000000d5980000, 0x0000000100000000)
  eden space 2560K, 0% used [0x00000000d5580000,0x00000000d5580000,0x00000000d5800000)
  from space 512K, 18% used [0x00000000d5900000,0x00000000d5918000,0x00000000d5980000)
  to   space 512K, 0% used [0x00000000d5880000,0x00000000d5880000,0x00000000d5900000)
 ParOldGen       total 541696K, used 541326K [0x0000000080000000, 0x00000000a1100000, 0x00000000d5580000)
  object space 541696K, 99% used [0x0000000080000000,0x00000000a10a38e0,0x00000000a1100000)
 Metaspace       used 92838K, committed 94656K, reserved 1179648K
  class space    used 9666K, committed 10432K, reserved 1048576K
}
Event: 12915.537 GC heap before
{Heap before GC invocations=1299 (full 4):
 PSYoungGen      total 3072K, used 2655K [0x00000000d5580000, 0x00000000d5980000, 0x0000000100000000)
  eden space 2560K, 99% used [0x00000000d5580000,0x00000000d57ffff8,0x00000000d5800000)
  from space 512K, 18% used [0x00000000d5900000,0x00000000d5918000,0x00000000d5980000)
  to   space 512K, 0% used [0x00000000d5880000,0x00000000d5880000,0x00000000d5900000)
 ParOldGen       total 541696K, used 541326K [0x0000000080000000, 0x00000000a1100000, 0x00000000d5580000)
  object space 541696K, 99% used [0x0000000080000000,0x00000000a10a38e0,0x00000000a1100000)
 Metaspace       used 92870K, committed 94656K, reserved 1179648K
  class space    used 9667K, committed 10432K, reserved 1048576K
}
Event: 12915.936 GC heap after
{Heap after GC invocations=1299 (full 4):
 PSYoungGen      total 3072K, used 192K [0x00000000d5580000, 0x00000000d5980000, 0x0000000100000000)
  eden space 2560K, 0% used [0x00000000d5580000,0x00000000d5580000,0x00000000d5800000)
  from space 512K, 37% used [0x00000000d5880000,0x00000000d58b0020,0x00000000d5900000)
  to   space 512K, 0% used [0x00000000d5900000,0x00000000d5900000,0x00000000d5980000)
 ParOldGen       total 541696K, used 541358K [0x0000000080000000, 0x00000000a1100000, 0x00000000d5580000)
  object space 541696K, 99% used [0x0000000080000000,0x00000000a10ab8e0,0x00000000a1100000)
 Metaspace       used 92870K, committed 94656K, reserved 1179648K
  class space    used 9667K, committed 10432K, reserved 1048576K
}

